INFO:root:Reading files..
INFO:root:Initial processing completed.
INFO:root:Main variables computed: START DATE: 2021-05-16 18:04:09.023129, END DATE: 1970-01-01 01:00:00, SAMPLING PERIOD: 1 day, 0:00:00.
INFO:root:Reading files..
INFO:root:Initial processing completed.
INFO:root:Main variables computed: START DATE: 2021-05-16 18:05:57.760697, END DATE: 1970-01-01 01:00:00, SAMPLING PERIOD: 1 day, 0:00:00.
INFO:root:New date index computed successfully.
INFO:root:Saved new values in .csv file.
INFO:root:Reading files..
INFO:root:Initial processing completed.
INFO:root:Main variables computed: START DATE: 2021-05-16 18:06:51.063256, END DATE: 1970-01-01 01:00:00, SAMPLING PERIOD: 1 day, 0:00:00.
INFO:root:New date index computed successfully.
INFO:root:Saved new values in .csv file.
INFO:root:Reading files..
INFO:root:Initial processing completed.
INFO:root:Main variables computed: START DATE: 2021-05-16 18:07:23.207920, END DATE: 1970-01-01 01:00:00, SAMPLING PERIOD: 1 day, 0:00:00.
INFO:root:New date index computed successfully.
INFO:root:Saved new values in .csv file.
INFO:root:Reading files..
INFO:root:Reading files..
INFO:root:Reading files..
INFO:root:Reading files..
INFO:root:Reading files..
INFO:root:Reading files..
INFO:root:Reading files..
INFO:root:Reading files..
INFO:root:Reading files..
INFO:root:Reading files..
INFO:root:Reading files..
INFO:root:Reading files..
INFO:root:Reading files..
INFO:root:Reading files..
INFO:root:Initial processing completed.
INFO:root:Main variables computed: START DATE: 2021-05-20 21:25:04.223602, END DATE: 1970-01-01 01:00:00, SAMPLING PERIOD: 1:00:00.
INFO:root:Reading files..
INFO:root:Reading files..
INFO:root:Initial processing completed.
INFO:root:Main variables computed: START DATE: 2021-05-20 21:35:03.558722, END DATE: 1970-01-01 01:00:00, SAMPLING PERIOD: 1:00:00.
INFO:root:Reading files..
INFO:root:Initial processing completed.
INFO:root:Main variables computed: START DATE: 2021-05-20 21:35:43.437297, END DATE: 1970-01-01 01:00:00, SAMPLING PERIOD: 1:00:00.
INFO:root:New date index computed successfully.
INFO:root:Reading files..
INFO:root:Initial processing completed.
INFO:root:Main variables computed: START DATE: 2021-05-20 21:37:58.397754, END DATE: 1970-01-01 01:00:00, SAMPLING PERIOD: 1:00:00.
INFO:root:New date index computed successfully.
INFO:root:Reading files..
INFO:root:Initial processing completed.
INFO:root:Main variables computed: START DATE: 2021-05-20 21:41:08.422088, END DATE: 1970-01-01 01:00:00, SAMPLING PERIOD: 1:00:00.
INFO:root:New date index computed successfully.
INFO:root:Reading files..
INFO:root:Initial processing completed.
INFO:root:Main variables computed: START DATE: 2021-05-23 14:39:51.843859, END DATE: 1970-01-01 01:00:00, SAMPLING PERIOD: 1:00:00.
INFO:root:New date index computed successfully.
INFO:root:Reading files..
INFO:root:Initial processing completed.
INFO:root:Main variables computed: START DATE: 2021-05-23 14:43:05.850651, END DATE: 1970-01-01 01:00:00, SAMPLING PERIOD: 1:00:00.
INFO:root:New date index computed successfully.
INFO:root:Reading files..
INFO:root:Initial processing completed.
INFO:root:Main variables computed: START DATE: 2021-05-23 14:43:27.115793, END DATE: 1970-01-01 01:00:00, SAMPLING PERIOD: 1:00:00.
INFO:root:Reading files..
INFO:root:Initial processing completed.
INFO:root:Main variables computed: START DATE: 2021-05-23 14:46:52.010608, END DATE: 1970-01-01 01:00:00, SAMPLING PERIOD: 1:00:00.
INFO:root:New date index computed successfully.
INFO:root:Reading files..
INFO:root:Initial processing completed.
INFO:root:Main variables computed: START DATE: 2021-05-23 14:52:46.650919, END DATE: 1970-01-01 01:00:00, SAMPLING PERIOD: 1:00:00.
INFO:root:New date index computed successfully.
INFO:root:Reading files..
INFO:root:Initial processing completed.
INFO:root:Main variables computed: START DATE: 2021-05-23 14:54:15.373044, END DATE: 1970-01-01 01:00:00, SAMPLING PERIOD: 1:00:00.
INFO:root:New date index computed successfully.
INFO:root:Reading files..
INFO:root:Initial processing completed.
INFO:root:Main variables computed: START DATE: 2021-05-23 15:23:06.892984, END DATE: 1970-01-01 01:00:00, SAMPLING PERIOD: 1:00:00.
INFO:root:New date index computed successfully.
INFO:root:Reading files..
INFO:root:Initial processing completed.
INFO:root:Main variables computed: START DATE: 2021-05-23 15:23:28.126307, END DATE: 1970-01-01 01:00:00, SAMPLING PERIOD: 1:00:00.
INFO:root:New date index computed successfully.
INFO:root:Reading files..
INFO:root:Initial processing completed.
INFO:root:Main variables computed: START DATE: 2021-05-23 15:58:09.838708, END DATE: 1970-01-01 01:00:00, SAMPLING PERIOD: 1:00:00.
INFO:root:Reading files..
INFO:root:Initial processing completed.
INFO:root:Main variables computed: START DATE: 2021-05-23 15:58:58.268551, END DATE: 1970-01-01 01:00:00, SAMPLING PERIOD: 1:00:00.
INFO:root:New date index computed successfully.
INFO:root:Reading files..
INFO:root:Initial processing completed.
INFO:root:Main variables computed: START DATE: 2021-05-23 17:09:36.856654, END DATE: 1970-01-01 01:00:00, SAMPLING PERIOD: 1:00:00.
INFO:root:Reading files..
INFO:root:Initial processing completed.
INFO:root:Main variables computed: START DATE: 2021-05-23 17:16:48.269404, END DATE: 1970-01-01 01:00:00, SAMPLING PERIOD: 1:00:00.
INFO:root:Reading files..
INFO:root:Initial processing completed.
INFO:root:Main variables computed: START DATE: 2012-07-25 00:00:00, END DATE: 2020-12-31 00:00:00, SAMPLING PERIOD: 1:00:00.
INFO:root:Reading files..
INFO:root:Initial processing completed.
INFO:root:Main variables computed: START DATE: 2012-07-25 00:00:00, END DATE: 2020-12-31 00:00:00, SAMPLING PERIOD: 1:00:00.
INFO:root:New date index computed successfully.
INFO:root:Reading files..
INFO:root:Initial processing completed.
INFO:root:Main variables computed: START DATE: 2012-07-25 00:00:00, END DATE: 2020-12-31 00:00:00, SAMPLING PERIOD: 1:00:00.
INFO:root:Reading files..
INFO:root:Initial processing completed.
INFO:root:Main variables computed: START DATE: 2012-07-25 00:00:00, END DATE: 2020-12-31 00:00:00, SAMPLING PERIOD: 1:00:00.
INFO:root:Reading files..
INFO:root:Initial processing completed.
INFO:root:Main variables computed: START DATE: 2012-07-25 00:00:00, END DATE: 2020-12-31 00:00:00, SAMPLING PERIOD: 1:00:00.
INFO:root:New date index computed successfully.
INFO:root:Reading files..
INFO:root:Initial processing completed.
INFO:root:Main variables computed: START DATE: 2012-07-25 00:00:00, END DATE: 2020-12-31 00:00:00, SAMPLING PERIOD: 1:00:00.
INFO:root:New date index computed successfully.
INFO:root:Reading files..
INFO:root:Initial processing completed.
INFO:root:Main variables computed: START DATE: 2012-07-25 00:00:00, END DATE: 2020-12-31 00:00:00, SAMPLING PERIOD: 1:00:00.
INFO:root:New date index computed successfully.
INFO:root:Reading files..
INFO:root:Initial processing completed.
INFO:root:Main variables computed: START DATE: 2012-07-25 00:00:00, END DATE: 2020-12-31 00:00:00, SAMPLING PERIOD: 1:00:00.
INFO:root:New date index computed successfully.
INFO:root:Reading files..
INFO:root:Initial processing completed.
INFO:root:Main variables computed: START DATE: 2012-07-25 00:00:00, END DATE: 2020-12-31 00:00:00, SAMPLING PERIOD: 1:00:00.
INFO:root:New date index computed successfully.
INFO:root:Reading files..
INFO:root:Initial processing completed.
INFO:root:Main variables computed: START DATE: 2012-07-25 00:00:00, END DATE: 2020-12-31 00:00:00, SAMPLING PERIOD: 1:00:00.
INFO:root:New date index computed successfully.
INFO:root:Reading files..
INFO:root:Initial processing completed.
INFO:root:Main variables computed: START DATE: 2012-07-25 00:00:00, END DATE: 2020-12-31 00:00:00, SAMPLING PERIOD: 1:00:00.
INFO:root:New date index computed successfully.
INFO:root:Reading files..
INFO:root:Initial processing completed.
INFO:root:Main variables computed: START DATE: 2012-07-25 00:00:00, END DATE: 2020-12-31 00:00:00, SAMPLING PERIOD: 1:00:00.
INFO:root:New date index computed successfully.
INFO:root:Reading files..
INFO:root:Initial processing completed.
INFO:root:Main variables computed: START DATE: 2012-07-25 00:00:00, END DATE: 2020-12-31 00:00:00, SAMPLING PERIOD: 1:00:00.
INFO:root:New date index computed successfully.
INFO:root:Reading files..
INFO:root:Initial processing completed.
INFO:root:Main variables computed: START DATE: 2012-07-25 00:00:00, END DATE: 2020-12-31 00:00:00, SAMPLING PERIOD: 1:00:00.
INFO:root:New date index computed successfully.
INFO:root:Reading files..
INFO:root:Initial processing completed.
INFO:root:Main variables computed: START DATE: 2012-07-25 00:00:00, END DATE: 2020-12-31 00:00:00, SAMPLING PERIOD: 1:00:00.
INFO:root:New date index computed successfully.
INFO:root:Reading files..
INFO:root:Initial processing completed.
INFO:root:Main variables computed: START DATE: 2012-07-25 00:00:00, END DATE: 2020-12-31 00:00:00, SAMPLING PERIOD: 1:00:00.
INFO:root:New date index computed successfully.
INFO:root:Saved new values in .csv file.
INFO:root:Reading files..
INFO:root:Reading files..
INFO:root:Reading files..
INFO:root:Initial processing completed.
INFO:root:Main variables computed: START DATE: 2012-07-25 00:00:00, END DATE: 2020-12-31 00:00:00, SAMPLING PERIOD: 1:00:00.
INFO:root:New date index computed successfully.
INFO:root:Saved new values in .csv file.
INFO:root:Reading files..
INFO:root:Initial processing completed.
INFO:root:Main variables computed: START DATE: 2012-07-25 00:00:00, END DATE: 2020-12-31 00:00:00, SAMPLING PERIOD: 1:00:00.
INFO:root:New date index computed successfully.
INFO:root:Saved new values in .csv file.
INFO:root:Reading files..
INFO:root:Initial processing completed.
INFO:root:Main variables computed: START DATE: 2012-07-25 00:00:00, END DATE: 2020-12-31 00:00:00, SAMPLING PERIOD: 1:00:00.
INFO:root:New date index computed successfully.
INFO:root:Saved new values in .csv file.
INFO:root:Reading files..
INFO:root:Initial processing completed.
INFO:root:Main variables computed: START DATE: 2012-07-25 00:00:00, END DATE: 2020-12-31 00:00:00, SAMPLING PERIOD: 1:00:00.
INFO:root:New date index computed successfully.
INFO:root:Saved new values in .csv file.
INFO:root:Reading files..
INFO:root:Initial processing completed.
INFO:root:Main variables computed: START DATE: 2012-07-25 00:00:00, END DATE: 2020-12-31 00:00:00, SAMPLING PERIOD: 1:00:00.
INFO:root:New date index computed successfully.
INFO:root:Saved new values in .csv file.
INFO:root:Reading files..
INFO:root:Initial processing completed.
INFO:root:Main variables computed: START DATE: 2012-07-25 00:00:00, END DATE: 2020-12-31 00:00:00, SAMPLING PERIOD: 1:00:00.
INFO:root:New date index computed successfully.
INFO:root:Saved new values in .csv file.
INFO:root:Reading files..
INFO:root:Initial processing completed.
INFO:root:Main variables computed: START DATE: 2012-07-25 00:00:00, END DATE: 2020-12-31 00:00:00, SAMPLING PERIOD: 1:00:00.
INFO:root:New date index computed successfully.
INFO:root:Saved new values in .csv file.
INFO:root:Reading files..
INFO:root:Initial processing completed.
INFO:root:Main variables computed: START DATE: 2012-07-25 00:00:00, END DATE: 2020-12-31 00:00:00, SAMPLING PERIOD: 1:00:00.
INFO:root:New date index computed successfully.
INFO:root:Saved new values in .csv file.
INFO:root:Reading files..
INFO:root:Initial processing completed.
INFO:root:Main variables computed: START DATE: 2012-07-25 00:00:00, END DATE: 2020-12-31 00:00:00, SAMPLING PERIOD: 1:00:00.
INFO:root:New date index computed successfully.
INFO:root:Saved new values in .csv file.
INFO:root:Reading files..
INFO:root:Initial processing completed.
INFO:root:Main variables computed: START DATE: 2012-07-25 00:00:00, END DATE: 2020-12-31 00:00:00, SAMPLING PERIOD: 1:00:00.
INFO:root:New date index computed successfully.
INFO:root:Saved new values in .csv file.
INFO:root:Reading files..
INFO:root:Initial processing completed.
INFO:root:Main variables computed: START DATE: 2012-07-25 00:00:00, END DATE: 2020-12-31 00:00:00, SAMPLING PERIOD: 1:00:00.
INFO:root:New date index computed successfully.
INFO:root:Reading files..
INFO:root:Initial processing completed.
INFO:root:Main variables computed: START DATE: 2012-07-25 00:00:00, END DATE: 2020-12-31 00:00:00, SAMPLING PERIOD: 1:00:00.
INFO:root:New date index computed successfully.
INFO:root:Saved new values in .csv file.
INFO:root:Reading files..
INFO:root:Reading files..
INFO:root:Reading files..
INFO:root:Reading files..
INFO:root:Initial processing completed.
INFO:root:Main variables computed: START DATE: 2012-07-25 00:00:00, END DATE: 2020-12-31 00:00:00, SAMPLING PERIOD: 1:00:00.
INFO:root:New date index computed successfully.
INFO:root:Saved new values in .csv file.
INFO:root:Reading files..
INFO:root:Reading files..
INFO:root:Reading files..
INFO:root:Reading files..
INFO:root:Reading files..
INFO:root:Reading files..
INFO:root:Reading files..
INFO:root:Reading files..
INFO:root:Reading files..
INFO:root:Reading files..
INFO:root:Reading files..
INFO:root:Reading files..
INFO:root:Reading files..
INFO:root:Reading files..
INFO:root:Reading files..
INFO:root:Reading files..
INFO:root:Reading files..
INFO:root:Reading files..
INFO:root:Reading files..
INFO:root:Reading files..
INFO:root:Reading files..
INFO:root:Reading files..
INFO:root:Reading files..
INFO:root:Initial processing completed.
INFO:root:Main variables computed: START DATE: 2012-07-25 00:00:00, END DATE: 2020-12-31 00:00:00, SAMPLING PERIOD: 0:00:00.
INFO:root:Reading files..
INFO:root:Initial processing completed.
INFO:root:Main variables computed: START DATE: 2012-07-25 00:00:00, END DATE: 2020-12-31 00:00:00, SAMPLING PERIOD: 0:00:00.
INFO:root:Reading files..
INFO:root:Initial processing completed.
INFO:root:Main variables computed: START DATE: 2012-07-25 00:00:00, END DATE: 2020-12-31 00:00:00, SAMPLING PERIOD: 0:00:00.
INFO:root:Reading files..
INFO:root:Initial processing completed.
INFO:root:Main variables computed: START DATE: 2012-07-25 00:00:00, END DATE: 2020-12-31 00:00:00, SAMPLING PERIOD: 0:00:00.
INFO:root:Reading files..
INFO:root:Initial processing completed.
INFO:root:Main variables computed: START DATE: 2012-07-25 00:00:00, END DATE: 2020-12-31 00:00:00, SAMPLING PERIOD: 0:00:00.
INFO:root:Reading files..
INFO:root:Initial processing completed.
INFO:root:Main variables computed: START DATE: 2012-07-25 00:00:00, END DATE: 2020-12-31 00:00:00, SAMPLING PERIOD: 0:00:00.
INFO:root:Reading files..
INFO:root:Initial processing completed.
INFO:root:Reading files..
INFO:root:Initial processing completed.
INFO:root:Main variables computed: START DATE: 2012-07-25 00:00:00, END DATE: 2020-12-31 00:00:00, SAMPLING PERIOD: 0.0.
INFO:root:Reading files..
INFO:root:Initial processing completed.
INFO:root:Main variables computed: START DATE: 2012-07-25 00:00:00, END DATE: 2020-12-31 00:00:00, SAMPLING PERIOD: 0.0.
INFO:root:Reading files..
INFO:root:Initial processing completed.
INFO:root:Main variables computed: START DATE: 2012-07-25 00:00:00, END DATE: 2020-12-31 00:00:00, SAMPLING PERIOD: 0.0.
INFO:root:Reading files..
INFO:root:Initial processing completed.
INFO:root:Main variables computed: START DATE: 2012-07-25 00:00:00, END DATE: 2020-12-31 00:00:00, SAMPLING PERIOD: 0.0.
INFO:root:Reading files..
INFO:root:Initial processing completed.
INFO:root:Main variables computed: START DATE: 2012-07-25 00:00:00, END DATE: 2020-12-31 00:00:00, SAMPLING PERIOD: 0.0.
INFO:root:Reading files..
INFO:root:Initial processing completed.
INFO:root:Main variables computed: START DATE: 2012-07-25 00:00:00, END DATE: 2020-12-31 00:00:00, SAMPLING PERIOD: 0.0.
INFO:root:Reading files..
INFO:root:Initial processing completed.
INFO:root:Main variables computed: START DATE: 2012-07-25 00:00:00, END DATE: 2020-12-31 00:00:00, SAMPLING PERIOD: 0.0.
INFO:root:Reading files..
INFO:root:Initial processing completed.
INFO:root:Main variables computed: START DATE: 2012-07-25 00:00:00, END DATE: 2020-12-31 00:00:00, SAMPLING PERIOD: 0.0.
INFO:root:Reading files..
INFO:root:Reading files..
INFO:root:Reading files..
INFO:root:Reading files..
INFO:root:Reading files..
INFO:root:Reading files..
INFO:root:Reading files..
INFO:root:Reading files..
INFO:root:Reading files..
INFO:root:Reading files..
INFO:root:Initial processing completed.
INFO:root:Main variables computed: START DATE: 2012-07-25 00:00:00, END DATE: 2020-12-31 00:00:00, SAMPLING PERIOD: 3600.0.
INFO:root:Reading files..
INFO:root:Initial processing completed.
INFO:root:Main variables computed: START DATE: 2012-07-25 00:00:00, END DATE: 2020-12-31 00:00:00, SAMPLING PERIOD: 3600.0.
INFO:root:New date index computed successfully.
INFO:root:Saved new values in .csv file.
INFO:root:Reading files..
INFO:root:Reading files..
INFO:root:Reading files..
INFO:root:Initial processing completed.
INFO:root:Main variables computed: START DATE: 2012-07-25 00:00:00, END DATE: 2020-12-31 00:00:00, SAMPLING PERIOD: 3600.0.
INFO:root:New date index computed successfully.
INFO:root:Saved new values in .csv file.
INFO:root:Reading files..
INFO:root:Initial processing completed.
INFO:root:Main variables computed: START DATE: 2012-07-25 00:00:00, END DATE: 2020-12-31 00:00:00, SAMPLING PERIOD: 3600.0.
INFO:root:New date index computed successfully.
INFO:root:Saved new values in .csv file.
INFO:root:Reading files..
INFO:root:Initial processing completed.
INFO:root:Main variables computed: START DATE: 2012-07-25 00:00:00, END DATE: 2020-12-31 00:00:00, SAMPLING PERIOD: 3600.0.
INFO:root:New date index computed successfully.
INFO:root:Saved new values in .csv file.
INFO:root:Reading files..
INFO:root:Initial processing completed.
INFO:root:Main variables computed: START DATE: 2012-07-25 00:00:00, END DATE: 2020-12-31 00:00:00, SAMPLING PERIOD: 3600.0.
INFO:root:New date index computed successfully.
INFO:root:Saved new values in .csv file.
INFO:root:Reading files..
INFO:root:Initial processing completed.
INFO:root:Main variables computed: START DATE: 2012-07-25 00:00:00, END DATE: 2020-12-31 00:00:00, SAMPLING PERIOD: 3600.0.
INFO:root:New date index computed successfully.
INFO:root:Saved new values in .csv file.
INFO:root:Reading files..
INFO:root:Initial processing completed.
INFO:root:Main variables computed: START DATE: 2012-07-25 00:00:00, END DATE: 2020-12-31 00:00:00, SAMPLING PERIOD: 3600.0.
INFO:root:New date index computed successfully.
INFO:root:Saved new values in .csv file.
INFO:root:Reading files..
INFO:root:Initial processing completed.
INFO:root:Main variables computed: START DATE: 2012-07-25 00:00:00, END DATE: 2020-12-31 00:00:00, SAMPLING PERIOD: 3600.0.
INFO:root:New date index computed successfully.
INFO:root:Saved new values in .csv file.
INFO:root:Reading files..
INFO:root:Initial processing completed.
INFO:root:Main variables computed: START DATE: 2012-07-25 00:00:00, END DATE: 2020-12-31 00:00:00, SAMPLING PERIOD: 3600.0.
INFO:root:New date index computed successfully.
INFO:root:Saved new values in .csv file.
INFO:root:Reading files..
INFO:root:Initial processing completed.
INFO:root:Main variables computed: START DATE: 2012-07-25 00:00:00, END DATE: 2020-12-31 00:00:00, SAMPLING PERIOD: 3600.0.
INFO:root:New date index computed successfully.
INFO:root:Saved new values in .csv file.
INFO:root:Reading files..
INFO:root:Initial processing completed.
INFO:root:Main variables computed: START DATE: 2012-07-25 00:00:00, END DATE: 2020-12-31 00:00:00, SAMPLING PERIOD: 3600.0.
INFO:root:New date index computed successfully.
INFO:root:Saved new values in .csv file.
INFO:root:Reading files..
INFO:root:Initial processing completed.
INFO:root:Main variables computed: START DATE: 2012-07-25 00:00:00, END DATE: 2020-12-31 00:00:00, SAMPLING PERIOD: 3600.0.
INFO:root:New date index computed successfully.
INFO:root:Saved new values in .csv file.
INFO:root:Reading files..
INFO:root:Initial processing completed.
INFO:root:Main variables computed: START DATE: 2012-07-25 00:00:00, END DATE: 2020-12-31 00:00:00, SAMPLING PERIOD: 3600.0.
INFO:root:New date index computed successfully.
INFO:root:Saved new values in .csv file.
INFO:root:Reading files..
INFO:root:Initial processing completed.
INFO:root:Main variables computed: START DATE: 2012-07-25 00:00:00, END DATE: 2020-12-31 00:00:00, SAMPLING PERIOD: 3600.0.
INFO:root:New date index computed successfully.
INFO:root:Saved new values in .csv file.
INFO:root:Reading files..
INFO:root:Initial processing completed.
INFO:root:Main variables computed: START DATE: 2012-07-25 00:00:00, END DATE: 2020-12-31 00:00:00, SAMPLING PERIOD: 3600.0.
INFO:root:New date index computed successfully.
INFO:root:Saved new values in .csv file.
INFO:root:Reading files..
INFO:root:Initial processing completed.
INFO:root:Main variables computed: START DATE: 2012-07-25 00:00:00, END DATE: 2020-12-31 00:00:00, SAMPLING PERIOD: 3600.0.
INFO:root:New date index computed successfully.
INFO:root:Saved new values in .csv file.
INFO:root:Reading files..
INFO:root:Initial processing completed.
INFO:root:Main variables computed: START DATE: 2012-07-25 00:00:00, END DATE: 2020-12-31 00:00:00, SAMPLING PERIOD: 3600.0.
INFO:root:New date index computed successfully.
INFO:root:Saved new values in .csv file.
INFO:root:Reading files..
INFO:root:Initial processing completed.
INFO:root:Main variables computed: START DATE: 2012-07-25 00:00:00, END DATE: 2020-12-31 00:00:00, SAMPLING PERIOD: 3600.0.
INFO:root:New date index computed successfully.
INFO:root:Saved new values in .csv file.
INFO:root:Reading files..
INFO:root:Initial processing completed.
INFO:root:Main variables computed: START DATE: 2012-07-25 00:00:00, END DATE: 2020-12-31 00:00:00, SAMPLING PERIOD: 3600.0.
INFO:root:New date index computed successfully.
INFO:root:Saved new values in .csv file.
INFO:root:Reading files..
INFO:root:Initial processing completed.
INFO:root:Main variables computed: START DATE: 2012-07-25 00:00:00, END DATE: 2020-12-31 00:00:00, SAMPLING PERIOD: 3600.0.
INFO:root:New date index computed successfully.
INFO:root:Saved new values in .csv file.
INFO:root:Reading files..
INFO:root:Initial processing completed.
INFO:root:Main variables computed: START DATE: 2012-07-25 00:00:00, END DATE: 2020-12-31 00:00:00, SAMPLING PERIOD: 3600.0.
INFO:root:New date index computed successfully.
INFO:root:Saved new values in .csv file.
INFO:root:Reading files..
INFO:root:Initial processing completed.
INFO:root:Main variables computed: START DATE: 2012-07-25 00:00:00, END DATE: 2020-12-31 00:00:00, SAMPLING PERIOD: 3600.0.
INFO:root:New date index computed successfully.
INFO:root:Saved new values in .csv file.
INFO:root:Reading files..
INFO:root:Initial processing completed.
INFO:root:Main variables computed: START DATE: 2012-07-25 00:00:00, END DATE: 2020-12-31 00:00:00, SAMPLING PERIOD: 3600.0.
INFO:root:New date index computed successfully.
INFO:root:Saved new values in .csv file.
INFO:root:Reading files..
INFO:root:Initial processing completed.
INFO:root:Main variables computed: START DATE: 2012-07-25 00:00:00, END DATE: 2020-12-31 00:00:00, SAMPLING PERIOD: 3600.0.
INFO:root:New date index computed successfully.
INFO:root:Saved new values in .csv file.
INFO:root:Reading files..
INFO:root:Initial processing completed.
INFO:root:Main variables computed: START DATE: 2012-07-25 00:00:00, END DATE: 2020-12-31 00:00:00, SAMPLING PERIOD: 3600.0.
INFO:root:New date index computed successfully.
INFO:root:Saved new values in .csv file.
INFO:root:Reading files..
INFO:root:Initial processing completed.
INFO:root:Main variables computed: START DATE: 2012-07-25 00:00:00, END DATE: 2020-12-31 00:00:00, SAMPLING PERIOD: 3600.0.
INFO:root:New date index computed successfully.
INFO:root:Saved new values in .csv file.
INFO:root:Reading files..
INFO:root:Initial processing completed.
INFO:root:Main variables computed: START DATE: 2012-07-25 00:00:00, END DATE: 2020-12-31 00:00:00, SAMPLING PERIOD: 3600.0.
INFO:root:New date index computed successfully.
INFO:root:Saved new values in .csv file.
INFO:root:Reading files..
INFO:root:Initial processing completed.
INFO:root:Main variables computed: START DATE: 2012-07-25 00:00:00, END DATE: 2020-12-31 00:00:00, SAMPLING PERIOD: 3600.0.
INFO:root:New date index computed successfully.
INFO:root:Saved new values in .csv file.
INFO:root:Reading files..
INFO:root:Initial processing completed.
INFO:root:Main variables computed: START DATE: 2012-07-25 00:00:00, END DATE: 2020-12-31 00:00:00, SAMPLING PERIOD: 3600.0.
INFO:root:New date index computed successfully.
INFO:root:Saved new values in .csv file.
INFO:root:Reading files..
INFO:root:Initial processing completed.
INFO:root:Main variables computed: START DATE: 2012-07-25 00:00:00, END DATE: 2020-12-31 00:00:00, SAMPLING PERIOD: 3600.0.
INFO:root:New date index computed successfully.
INFO:root:Saved new values in .csv file.
INFO:root:Reading files..
INFO:root:Initial processing completed.
INFO:root:Main variables computed: START DATE: 2012-07-25 00:00:00, END DATE: 2020-12-31 00:00:00, SAMPLING PERIOD: 3600.0.
INFO:root:New date index computed successfully.
INFO:root:Saved new values in .csv file.
INFO:root:Reading files..
INFO:root:Initial processing completed.
INFO:root:Main variables computed: START DATE: 2012-07-25 00:00:00, END DATE: 2020-12-31 00:00:00, SAMPLING PERIOD: 3600.0.
INFO:root:New date index computed successfully.
INFO:root:Saved new values in .csv file.
INFO:root:Reading files..
INFO:root:Initial processing completed.
INFO:root:Main variables computed: START DATE: 2012-07-25 00:00:00, END DATE: 2020-12-31 00:00:00, SAMPLING PERIOD: 3600.0.
INFO:root:New date index computed successfully.
INFO:root:Saved new values in .csv file.
INFO:root:Reading files..
INFO:root:Reading files..
INFO:root:Initial processing completed.
INFO:root:Main variables computed: START DATE: 2012-07-25 00:00:00, END DATE: 2020-12-31 00:00:00, SAMPLING PERIOD: 3600.0.
INFO:root:New date index computed successfully.
INFO:root:Saved new values in .csv file.
INFO:root:Reading files..
INFO:root:Initial processing completed.
INFO:root:Main variables computed: START DATE: 2012-07-25 00:00:00, END DATE: 2020-12-31 00:00:00, SAMPLING PERIOD: 3600.0.
INFO:root:New date index computed successfully.
INFO:root:Saved new values in .csv file.
INFO:root:Reading files..
INFO:root:Initial processing completed.
INFO:root:Main variables computed: START DATE: 2012-07-25 00:00:00, END DATE: 2020-12-31 00:00:00, SAMPLING PERIOD: 3600.0.
INFO:root:New date index computed successfully.
INFO:root:Saved new values in .csv file.
INFO:root:Reading files..
INFO:root:Initial processing completed.
INFO:root:Main variables computed: START DATE: 2012-07-25 00:00:00, END DATE: 2020-12-31 00:00:00, SAMPLING PERIOD: 3600.0.
INFO:root:New date index computed successfully.
INFO:root:Saved new values in .csv file.
INFO:root:Reading files..
INFO:root:Initial processing completed.
INFO:root:Main variables computed: START DATE: 2012-07-25 00:00:00, END DATE: 2020-12-31 00:00:00, SAMPLING PERIOD: 3600.0.
INFO:root:New date index computed successfully.
INFO:root:Saved new values in .csv file.
INFO:root:Reading files..
INFO:root:Initial processing completed.
INFO:root:Main variables computed: START DATE: 2012-07-25 00:00:00, END DATE: 2020-12-31 00:00:00, SAMPLING PERIOD: 3600.0.
INFO:root:New date index computed successfully.
INFO:root:Saved new values in .csv file.
INFO:root:Reading files..
INFO:root:Initial processing completed.
INFO:root:Main variables computed: START DATE: 2012-07-25 00:00:00, END DATE: 2020-12-31 00:00:00, SAMPLING PERIOD: 3600.0.
INFO:root:New date index computed successfully.
INFO:root:Saved new values in .csv file.
INFO:root:Reading files..
INFO:root:Initial processing completed.
INFO:root:Main variables computed: START DATE: 2012-07-25 00:00:00, END DATE: 2020-12-31 00:00:00, SAMPLING PERIOD: 3600.0.
INFO:root:New date index computed successfully.
INFO:root:Saved new values in .csv file.
INFO:root:Reading files..
INFO:root:Initial processing completed.
INFO:root:Main variables computed: START DATE: 2012-07-25 00:00:00, END DATE: 2020-12-31 00:00:00, SAMPLING PERIOD: 3600.0.
INFO:root:New date index computed successfully.
INFO:root:Saved new values in .csv file.
INFO:root:Reading files..
INFO:root:Initial processing completed.
INFO:root:Main variables computed: START DATE: 2012-07-25 00:00:00, END DATE: 2020-12-31 00:00:00, SAMPLING PERIOD: 3600.0.
INFO:root:New date index computed successfully.
INFO:root:Saved new values in .csv file.
INFO:root:Reading files..
INFO:root:Initial processing completed.
INFO:root:Main variables computed: START DATE: 2012-07-25 00:00:00, END DATE: 2020-12-31 00:00:00, SAMPLING PERIOD: 3600.0.
INFO:root:New date index computed successfully.
INFO:root:Saved new values in .csv file.
INFO:root:Reading files..
INFO:root:Initial processing completed.
INFO:root:Main variables computed: START DATE: 2012-07-25 00:00:00, END DATE: 2020-12-31 00:00:00, SAMPLING PERIOD: 3600.0.
INFO:root:New date index computed successfully.
INFO:root:Saved new values in .csv file.
INFO:root:Reading files..
INFO:root:Initial processing completed.
INFO:root:Main variables computed: START DATE: 2012-07-25 00:00:00, END DATE: 2020-12-31 00:00:00, SAMPLING PERIOD: 3600.0.
INFO:root:New date index computed successfully.
INFO:root:Saved new values in .csv file.
INFO:root:Reading files..
INFO:root:Initial processing completed.
INFO:root:Main variables computed: START DATE: 2012-07-25 00:00:00, END DATE: 2020-12-31 00:00:00, SAMPLING PERIOD: 3600.0.
INFO:root:New date index computed successfully.
INFO:root:Saved new values in .csv file.
INFO:root:Reading files..
INFO:root:Initial processing completed.
INFO:root:Main variables computed: START DATE: 2012-07-25 00:00:00, END DATE: 2020-12-31 00:00:00, SAMPLING PERIOD: 3600.0.
INFO:root:New date index computed successfully.
INFO:root:Saved new values in .csv file.
INFO:root:Reading files..
INFO:root:Initial processing completed.
INFO:root:Reading files..
INFO:root:Initial processing completed.
INFO:root:Reading files..
INFO:root:Initial processing completed.
INFO:root:Main variables computed: START DATE: 2012-07-25 00:00:00, END DATE: 2020-12-31 00:00:00, SAMPLING PERIOD: 3600.0.
INFO:root:New date index computed successfully.
INFO:root:Saved new values in .csv file.
INFO:root:Reading files..
INFO:root:Initial processing completed.
INFO:root:Main variables computed: START DATE: 2012-07-25 00:00:00, END DATE: 2020-12-31 00:00:00, SAMPLING PERIOD: 3600.0.
INFO:root:New date index computed successfully.
INFO:root:Saved new values in .csv file.
INFO:root:Reading files..
INFO:root:Initial processing completed.
INFO:root:Main variables computed: START DATE: 2012-07-25 00:00:00, END DATE: 2020-12-31 00:00:00, SAMPLING PERIOD: 3600.0.
INFO:root:New date index computed successfully.
INFO:root:Saved new values in .csv file.
INFO:root:Reading files..
INFO:root:Initial processing completed.
INFO:root:Main variables computed: START DATE: 2012-07-25 00:00:00, END DATE: 2020-12-31 00:00:00, SAMPLING PERIOD: 3600.0.
INFO:root:New date index computed successfully.
INFO:root:Saved new values in .csv file.
INFO:root:Reading files..
INFO:root:Initial processing completed.
INFO:root:Main variables computed: START DATE: 2012-07-25 00:00:00, END DATE: 2020-12-31 00:00:00, SAMPLING PERIOD: 3600.0.
INFO:root:New date index computed successfully.
INFO:root:Saved new values in .csv file.
INFO:root:Reading files..
INFO:root:Initial processing completed.
INFO:root:Main variables computed: START DATE: 2012-07-25 00:00:00, END DATE: 2020-12-31 00:00:00, SAMPLING PERIOD: 3600.0.
INFO:root:New date index computed successfully.
INFO:root:Saved new values in .csv file.
INFO:root:Reading files..
INFO:root:Initial processing completed.
INFO:root:Reading files..
INFO:root:Initial processing completed.
INFO:root:Main variables computed: START DATE: 2012-07-25 00:00:00, END DATE: 2020-12-31 00:00:00, SAMPLING PERIOD: 3600.0.
INFO:root:New date index computed successfully.
INFO:root:Saved new values in .csv file.
INFO:root:Reading files..
INFO:root:Initial processing completed.
INFO:root:Main variables computed: START DATE: 2012-07-25 00:00:00, END DATE: 2020-12-31 00:00:00, SAMPLING PERIOD: 3600.0.
INFO:root:New date index computed successfully.
INFO:root:Saved new values in .csv file.
INFO:root:Reading files..
INFO:root:Initial processing completed.
INFO:root:Main variables computed: START DATE: 2012-07-25 00:00:00, END DATE: 2020-12-31 00:00:00, SAMPLING PERIOD: 86400.0.
INFO:root:New date index computed successfully.
INFO:root:Saved new values in .csv file.
INFO:root:Reading files..
INFO:root:Initial processing completed.
INFO:root:Main variables computed: START DATE: 2012-07-25 00:00:00, END DATE: 2020-12-31 00:00:00, SAMPLING PERIOD: 86400.0.
INFO:root:New date index computed successfully.
INFO:root:Saved new values in .csv file.
INFO:root:Reading files..
INFO:root:Initial processing completed.
INFO:root:Main variables computed: START DATE: 2012-07-25 00:00:00, END DATE: 2020-12-31 00:00:00, SAMPLING PERIOD: 86400.0.
INFO:root:New date index computed successfully.
INFO:root:Saved new values in .csv file.
INFO:root:Reading files..
INFO:root:Initial processing completed.
INFO:root:Main variables computed: START DATE: 2012-07-25 00:00:00, END DATE: 2020-12-31 00:00:00, SAMPLING PERIOD: 86400.0.
INFO:root:New date index computed successfully.
INFO:root:Saved new values in .csv file.
INFO:root:Reading files..
INFO:root:Initial processing completed.
INFO:root:Main variables computed: START DATE: 2012-07-25 00:00:00, END DATE: 2020-12-31 00:00:00, SAMPLING PERIOD: 86400.0.
INFO:root:New date index computed successfully.
INFO:root:Saved new values in .csv file.
INFO:root:Reading files..
INFO:root:Initial processing completed.
INFO:root:Main variables computed: START DATE: 2012-07-25 00:00:00, END DATE: 2020-12-31 00:00:00, SAMPLING PERIOD: 86400.0.
INFO:root:New date index computed successfully.
INFO:root:Saved new values in .csv file.
INFO:root:Reading files..
INFO:root:Initial processing completed.
INFO:root:Main variables computed: START DATE: 2012-07-25 00:00:00, END DATE: 2020-12-31 00:00:00, SAMPLING PERIOD: 86400.0.
INFO:root:New date index computed successfully.
INFO:root:Saved new values in .csv file.
INFO:root:Reading files..
INFO:root:Initial processing completed.
INFO:root:Main variables computed: START DATE: 2012-07-25 00:00:00, END DATE: 2020-12-31 00:00:00, SAMPLING PERIOD: 86400.0.
INFO:root:New date index computed successfully.
INFO:root:Saved new values in .csv file.
INFO:root:Reading files..
INFO:root:Initial processing completed.
INFO:root:Main variables computed: START DATE: 2012-07-25 00:00:00, END DATE: 2020-12-31 00:00:00, SAMPLING PERIOD: 86400.0.
INFO:root:New date index computed successfully.
INFO:root:Saved new values in .csv file.
INFO:root:Reading files..
INFO:root:Initial processing completed.
INFO:root:Main variables computed: START DATE: 2012-07-25 00:00:00, END DATE: 2020-12-31 00:00:00, SAMPLING PERIOD: 86400.0.
INFO:root:New date index computed successfully.
INFO:root:Saved new values in .csv file.
INFO:root:Reading files..
INFO:root:Initial processing completed.
INFO:root:Main variables computed: START DATE: 2012-07-25 00:00:00, END DATE: 2020-12-31 00:00:00, SAMPLING PERIOD: 86400.0.
INFO:root:New date index computed successfully.
INFO:root:Saved new values in .csv file.
INFO:root:Reading files..
INFO:root:Initial processing completed.
INFO:root:Main variables computed: START DATE: 2012-07-25 00:00:00, END DATE: 2020-12-31 00:00:00, SAMPLING PERIOD: 86400.0.
INFO:root:New date index computed successfully.
INFO:root:Saved new values in .csv file.
INFO:root:Reading files..
INFO:root:Initial processing completed.
INFO:root:Main variables computed: START DATE: 2012-07-25 00:00:00, END DATE: 2020-12-31 00:00:00, SAMPLING PERIOD: 86400.0.
INFO:root:New date index computed successfully.
INFO:root:Saved new values in .csv file.
INFO:root:Reading files..
INFO:root:Initial processing completed.
INFO:root:Main variables computed: START DATE: 2012-07-25 00:00:00, END DATE: 2020-12-31 00:00:00, SAMPLING PERIOD: 86400.0.
INFO:root:New date index computed successfully.
INFO:root:Saved new values in .csv file.
INFO:root:Reading files..
INFO:root:Initial processing completed.
INFO:root:Main variables computed: START DATE: 2012-07-25 00:00:00, END DATE: 2020-12-31 00:00:00, SAMPLING PERIOD: 86400.0.
INFO:root:New date index computed successfully.
INFO:root:Saved new values in .csv file.
INFO:root:Reading files..
INFO:root:Initial processing completed.
INFO:root:Main variables computed: START DATE: 2012-07-25 00:00:00, END DATE: 2020-12-31 00:00:00, SAMPLING PERIOD: 86400.0.
INFO:root:New date index computed successfully.
INFO:root:Saved new values in .csv file.
INFO:root:Reading files..
INFO:root:Initial processing completed.
INFO:root:Main variables computed: START DATE: 2012-07-25 00:00:00, END DATE: 2020-12-31 00:00:00, SAMPLING PERIOD: 86400.0.
INFO:root:New date index computed successfully.
INFO:root:Saved new values in .csv file.
INFO:root:Reading files..
INFO:root:Initial processing completed.
INFO:root:Main variables computed: START DATE: 2012-07-25 00:00:00, END DATE: 2020-12-31 00:00:00, SAMPLING PERIOD: 86400.0.
INFO:root:New date index computed successfully.
INFO:root:Saved new values in .csv file.
INFO:root:Reading files..
INFO:root:Initial processing completed.
INFO:root:Main variables computed: START DATE: 2012-07-25 00:00:00, END DATE: 2020-12-31 00:00:00, SAMPLING PERIOD: 86400.0.
INFO:root:New date index computed successfully.
INFO:root:Saved new values in .csv file.
INFO:root:Reading files..
INFO:root:Initial processing completed.
INFO:root:Main variables computed: START DATE: 2012-07-25 00:00:00, END DATE: 2020-12-31 00:00:00, SAMPLING PERIOD: 86400.0.
INFO:root:New date index computed successfully.
INFO:root:Saved new values in .csv file.
INFO:root:Reading files..
INFO:root:Initial processing completed.
INFO:root:Main variables computed: START DATE: 2012-07-25 00:00:00, END DATE: 2020-12-31 00:00:00, SAMPLING PERIOD: 86400.0.
INFO:root:New date index computed successfully.
INFO:root:Saved new values in .csv file.
INFO:root:Reading files..
INFO:root:Initial processing completed.
INFO:root:Main variables computed: START DATE: 2012-07-25 00:00:00, END DATE: 2021-03-31 00:00:00, SAMPLING PERIOD: 86400.0.
INFO:root:New date index computed successfully.
INFO:root:Saved new values in .csv file.
INFO:root:Reading files..
INFO:root:Initial processing completed.
INFO:root:Main variables computed: START DATE: 2012-07-25 00:00:00, END DATE: 2021-03-31 00:00:00, SAMPLING PERIOD: 86400.0.
INFO:root:New date index computed successfully.
INFO:root:Saved new values in .csv file.
INFO:root:Reading files..
INFO:root:Initial processing completed.
INFO:root:Main variables computed: START DATE: 2012-07-25 00:00:00, END DATE: 2021-03-31 00:00:00, SAMPLING PERIOD: 86400.0.
INFO:root:New date index computed successfully.
INFO:root:Saved new values in .csv file.
INFO:root:Reading files..
INFO:root:Initial processing completed.
INFO:root:Main variables computed: START DATE: 2012-07-25 00:00:00, END DATE: 2021-03-31 00:00:00, SAMPLING PERIOD: 86400.0.
INFO:root:New date index computed successfully.
INFO:root:Saved new values in .csv file.
INFO:root:Reading files..
INFO:root:Initial processing completed.
INFO:root:Main variables computed: START DATE: 2012-07-25 00:00:00, END DATE: 2021-03-31 00:00:00, SAMPLING PERIOD: 86400.0.
INFO:root:New date index computed successfully.
INFO:root:Saved new values in .csv file.
INFO:root:Reading files..
INFO:root:Initial processing completed.
INFO:root:Main variables computed: START DATE: 2012-07-25 00:00:00, END DATE: 2021-03-31 00:00:00, SAMPLING PERIOD: 86400.0.
INFO:root:New date index computed successfully.
INFO:root:Saved new values in .csv file.
INFO:root:Reading files..
INFO:root:Initial processing completed.
INFO:root:Main variables computed: START DATE: 2012-07-25 00:00:00, END DATE: 2021-03-31 00:00:00, SAMPLING PERIOD: 86400.0.
INFO:root:New date index computed successfully.
INFO:root:Saved new values in .csv file.
INFO:root:Reading files..
INFO:root:Initial processing completed.
INFO:root:Main variables computed: START DATE: 2012-07-25 00:00:00, END DATE: 2021-03-31 00:00:00, SAMPLING PERIOD: 86400.0.
INFO:root:New date index computed successfully.
INFO:root:Saved new values in .csv file.
INFO:root:Reading files..
INFO:root:Initial processing completed.
INFO:root:Main variables computed: START DATE: 2012-07-25 00:00:00, END DATE: 2021-03-31 00:00:00, SAMPLING PERIOD: 86400.0.
INFO:root:New date index computed successfully.
INFO:root:Saved new values in .csv file.
INFO:root:Reading files..
INFO:root:Initial processing completed.
INFO:root:Main variables computed: START DATE: 2012-07-25 00:00:00, END DATE: 2021-03-31 00:00:00, SAMPLING PERIOD: 86400.0.
INFO:root:New date index computed successfully.
INFO:root:Saved new values in .csv file.
INFO:root:Reading files..
INFO:root:Initial processing completed.
INFO:root:Main variables computed: START DATE: 2012-07-25 00:00:00, END DATE: 2021-03-31 00:00:00, SAMPLING PERIOD: 86400.0.
INFO:root:New date index computed successfully.
INFO:root:Saved new values in .csv file.
INFO:root:Reading files..
INFO:root:Initial processing completed.
INFO:root:Main variables computed: START DATE: 2012-07-25 00:00:00, END DATE: 2021-03-31 00:00:00, SAMPLING PERIOD: 86400.0.
INFO:root:New date index computed successfully.
INFO:root:Saved new values in .csv file.
INFO:root:Reading files..
INFO:root:Initial processing completed.
INFO:root:Main variables computed: START DATE: 2012-07-25 00:00:00, END DATE: 2021-03-31 00:00:00, SAMPLING PERIOD: 86400.0.
INFO:root:New date index computed successfully.
INFO:root:Saved new values in .csv file.
INFO:root:Reading files..
INFO:root:Initial processing completed.
INFO:root:Main variables computed: START DATE: 2012-07-25 00:00:00, END DATE: 2021-03-31 00:00:00, SAMPLING PERIOD: 86400.0.
INFO:root:New date index computed successfully.
INFO:root:Saved new values in .csv file.
INFO:root:Reading files..
INFO:root:Initial processing completed.
INFO:root:Main variables computed: START DATE: 2012-07-25 00:00:00, END DATE: 2021-03-31 00:00:00, SAMPLING PERIOD: 86400.0.
INFO:root:New date index computed successfully.
INFO:root:Saved new values in .csv file.
INFO:root:Reading files..
INFO:root:Initial processing completed.
INFO:root:Main variables computed: START DATE: 2012-07-25 00:00:00, END DATE: 2021-03-31 00:00:00, SAMPLING PERIOD: 86400.0.
INFO:root:New date index computed successfully.
INFO:root:Saved new values in .csv file.
INFO:root:Reading files..
INFO:root:Initial processing completed.
INFO:root:Main variables computed: START DATE: 2012-07-25 00:00:00, END DATE: 2021-03-31 00:00:00, SAMPLING PERIOD: 86400.0.
INFO:root:New date index computed successfully.
INFO:root:Saved new values in .csv file.
INFO:root:Reading files..
INFO:root:Initial processing completed.
INFO:root:Main variables computed: START DATE: 2012-07-25 00:00:00, END DATE: 2021-03-31 00:00:00, SAMPLING PERIOD: 86400.0.
INFO:root:New date index computed successfully.
INFO:root:Saved new values in .csv file.
INFO:root:Reading files..
INFO:root:Initial processing completed.
INFO:root:Main variables computed: START DATE: 2012-07-25 00:00:00, END DATE: 2021-03-31 00:00:00, SAMPLING PERIOD: 86400.0.
INFO:root:New date index computed successfully.
INFO:root:Saved new values in .csv file.
INFO:root:Reading files..
INFO:root:Initial processing completed.
INFO:root:Main variables computed: START DATE: 2012-07-25 00:00:00, END DATE: 2021-03-31 00:00:00, SAMPLING PERIOD: 86400.0.
INFO:root:New date index computed successfully.
INFO:root:Saved new values in .csv file.
INFO:root:Reading files..
INFO:root:Initial processing completed.
INFO:root:Main variables computed: START DATE: 2012-07-25 00:00:00, END DATE: 2021-03-31 00:00:00, SAMPLING PERIOD: 86400.0.
INFO:root:New date index computed successfully.
INFO:root:Saved new values in .csv file.
INFO:root:Reading files..
INFO:root:Initial processing completed.
INFO:root:Main variables computed: START DATE: 2012-07-25 00:00:00, END DATE: 2021-03-31 00:00:00, SAMPLING PERIOD: 86400.0.
INFO:root:New date index computed successfully.
INFO:root:Reading files..
INFO:root:Initial processing completed.
INFO:root:Main variables computed: START DATE: 2012-07-25 00:00:00, END DATE: 2021-03-31 00:00:00, SAMPLING PERIOD: 86400.0.
INFO:root:New date index computed successfully.
INFO:root:Saved new values in .csv file.
INFO:root:Reading files..
INFO:root:Initial processing completed.
INFO:root:Main variables computed: START DATE: 2012-07-25 00:00:00, END DATE: 2021-03-31 00:00:00, SAMPLING PERIOD: 86400.0.
INFO:root:New date index computed successfully.
INFO:root:Saved new values in .csv file.
INFO:root:Data normalisation successfully completed.
INFO:root:Reading files..
INFO:root:Initial processing completed.
INFO:root:Main variables computed: START DATE: 2012-07-25 00:00:00, END DATE: 2021-03-31 00:00:00, SAMPLING PERIOD: 86400.0.
INFO:root:New date index computed successfully.
INFO:root:Saved new values in .csv file.
INFO:root:Data normalisation successfully completed.
INFO:root:Reading files..
INFO:root:Initial processing completed.
INFO:root:Main variables computed: START DATE: 2012-07-25 00:00:00, END DATE: 2021-03-31 00:00:00, SAMPLING PERIOD: 86400.0.
INFO:root:New date index computed successfully.
INFO:root:Saved new values in .csv file.
INFO:root:Data normalisation successfully completed.
INFO:root:Reading files..
INFO:root:Initial processing completed.
INFO:root:Main variables computed: START DATE: 2012-07-25 00:00:00, END DATE: 2021-03-31 00:00:00, SAMPLING PERIOD: 86400.0.
INFO:root:New date index computed successfully.
INFO:root:Saved new values in .csv file.
INFO:root:Data normalisation successfully completed.
INFO:root:Reading files..
INFO:root:Initial processing completed.
INFO:root:Main variables computed: START DATE: 2012-07-25 00:00:00, END DATE: 2021-03-31 00:00:00, SAMPLING PERIOD: 86400.0.
INFO:root:New date index computed successfully.
INFO:root:Saved new values in .csv file.
INFO:root:Data normalisation successfully completed.
INFO:root:Reading files..
INFO:root:Initial processing completed.
INFO:root:Main variables computed: START DATE: 2012-07-25 00:00:00, END DATE: 2021-03-31 00:00:00, SAMPLING PERIOD: 86400.0.
INFO:root:New date index computed successfully.
INFO:root:Reading files..
INFO:root:Initial processing completed.
INFO:root:Main variables computed: START DATE: 2012-07-25 00:00:00, END DATE: 2021-03-31 00:00:00, SAMPLING PERIOD: 86400.0.
INFO:root:New date index computed successfully.
INFO:root:Reading files..
INFO:root:Initial processing completed.
INFO:root:Main variables computed: START DATE: 2012-07-25 00:00:00, END DATE: 2021-03-31 00:00:00, SAMPLING PERIOD: 86400.0.
INFO:root:New date index computed successfully.
INFO:root:Saved new values in .csv file.
INFO:root:Data normalisation successfully completed.
INFO:root:Reading files..
INFO:root:Initial processing completed.
INFO:root:Main variables computed: START DATE: 2012-07-25 00:00:00, END DATE: 2021-03-31 00:00:00, SAMPLING PERIOD: 86400.0.
INFO:root:New date index computed successfully.
INFO:root:Saved new values in .csv file.
INFO:root:Data normalisation successfully completed.
INFO:root:Reading files..
INFO:root:Initial processing completed.
INFO:root:Main variables computed: START DATE: 2012-07-25 00:00:00, END DATE: 2021-03-31 00:00:00, SAMPLING PERIOD: 86400.0.
INFO:root:New date index computed successfully.
INFO:root:Saved new values in .csv file.
INFO:root:Data normalisation successfully completed.
INFO:root:Reading files..
INFO:root:Initial processing completed.
INFO:root:Main variables computed: START DATE: 2012-07-25 00:00:00, END DATE: 2021-03-31 00:00:00, SAMPLING PERIOD: 86400.0.
INFO:root:New date index computed successfully.
INFO:root:Saved new values in .csv file.
INFO:root:Data normalisation successfully completed.
INFO:root:Reading files..
INFO:root:Initial processing completed.
INFO:root:Main variables computed: START DATE: 2012-07-25 00:00:00, END DATE: 2021-03-31 00:00:00, SAMPLING PERIOD: 86400.0.
INFO:root:New date index computed successfully.
INFO:root:Saved new values in .csv file.
INFO:root:Data normalisation successfully completed.
INFO:root:Reading files..
INFO:root:Initial processing completed.
INFO:root:Main variables computed: START DATE: 2012-07-25 00:00:00, END DATE: 2021-03-31 00:00:00, SAMPLING PERIOD: 86400.0.
INFO:root:New date index computed successfully.
INFO:root:Saved new values in .csv file.
INFO:root:Data normalisation successfully completed.
INFO:root:Reading files..
INFO:root:Reading files..
INFO:root:Reading files..
INFO:root:Reading files..
INFO:root:Reading files..
INFO:root:Initial processing completed.
INFO:root:Main variables computed: START DATE: 2015-12-31 00:00:00, END DATE: 2021-03-31 00:00:00, SAMPLING PERIOD: 86400.0.
INFO:root:New date index computed successfully.
INFO:root:Saved new values in .csv file.
INFO:root:Data normalisation successfully completed.
INFO:root:Reading files..
INFO:root:Initial processing completed.
INFO:root:Main variables computed: START DATE: 2015-12-31 00:00:00, END DATE: 2021-03-31 00:00:00, SAMPLING PERIOD: 86400.0.
INFO:root:New date index computed successfully.
INFO:root:Saved new values in .csv file.
INFO:root:Data normalisation successfully completed.
INFO:root:Reading files..
INFO:root:Initial processing completed.
INFO:root:Main variables computed: START DATE: 2015-12-31 00:00:00, END DATE: 2021-03-31 00:00:00, SAMPLING PERIOD: 86400.0.
INFO:root:New date index computed successfully.
INFO:root:Saved new values in .csv file.
INFO:root:Data normalisation successfully completed.
INFO:root:Reading files..
INFO:root:Initial processing completed.
INFO:root:Main variables computed: START DATE: 2015-12-31 00:00:00, END DATE: 2021-03-31 00:00:00, SAMPLING PERIOD: 86400.0.
INFO:root:New date index computed successfully.
INFO:root:Saved new values in .csv file.
INFO:root:Data normalisation successfully completed.
INFO:root:Reading files..
INFO:root:Initial processing completed.
INFO:root:Main variables computed: START DATE: 2015-12-31 00:00:00, END DATE: 2021-03-31 00:00:00, SAMPLING PERIOD: 86400.0.
INFO:root:New date index computed successfully.
INFO:root:Saved new values in .csv file.
INFO:root:Data normalisation successfully completed.
INFO:root:Reading files..
INFO:root:Initial processing completed.
INFO:root:Main variables computed: START DATE: 2015-12-31 00:00:00, END DATE: 2021-03-31 00:00:00, SAMPLING PERIOD: 86400.0.
INFO:root:New date index computed successfully.
INFO:root:Saved new values in .csv file.
INFO:root:Data normalisation successfully completed.
INFO:root:Reading files..
INFO:root:Initial processing completed.
INFO:root:Main variables computed: START DATE: 2015-12-31 00:00:00, END DATE: 2021-03-31 00:00:00, SAMPLING PERIOD: 86400.0.
INFO:root:New date index computed successfully.
INFO:root:Saved new values in .csv file.
INFO:root:Data normalisation successfully completed.
INFO:root:Reading files..
INFO:root:Initial processing completed.
INFO:root:Main variables computed: START DATE: 2015-12-31 00:00:00, END DATE: 2021-03-31 00:00:00, SAMPLING PERIOD: 86400.0.
INFO:root:New date index computed successfully.
INFO:root:Saved new values in .csv file.
INFO:root:Data normalisation successfully completed.
INFO:root:Reading files..
INFO:root:Initial processing completed.
INFO:root:Main variables computed: START DATE: 2015-12-31 00:00:00, END DATE: 2021-03-31 00:00:00, SAMPLING PERIOD: 86400.0.
INFO:root:New date index computed successfully.
INFO:root:Saved new values in .csv file.
INFO:root:Data normalisation successfully completed.
INFO:root:Reading files..
INFO:root:Initial processing completed.
INFO:root:Main variables computed: START DATE: 2015-12-31 00:00:00, END DATE: 2021-03-31 00:00:00, SAMPLING PERIOD: 86400.0.
INFO:root:New date index computed successfully.
INFO:root:Saved new values in .csv file.
INFO:root:Data normalisation successfully completed.
INFO:root:Reading files..
INFO:root:Initial processing completed.
INFO:root:Main variables computed: START DATE: 2015-12-31 00:00:00, END DATE: 2021-03-31 00:00:00, SAMPLING PERIOD: 86400.0.
INFO:root:New date index computed successfully.
INFO:root:Saved new values in .csv file.
INFO:root:Data normalisation successfully completed.
INFO:root:Reading files..
INFO:root:Initial processing completed.
INFO:root:Main variables computed: START DATE: 2015-12-31 00:00:00, END DATE: 2021-03-31 00:00:00, SAMPLING PERIOD: 86400.0.
INFO:root:New date index computed successfully.
INFO:root:Saved new values in .csv file.
INFO:root:Data normalisation successfully completed.
INFO:root:Reading files..
INFO:root:Initial processing completed.
INFO:root:Main variables computed: START DATE: 2015-12-31 00:00:00, END DATE: 2021-03-31 00:00:00, SAMPLING PERIOD: 86400.0.
INFO:root:New date index computed successfully.
INFO:root:Saved new values in .csv file.
INFO:root:Data normalisation successfully completed.
INFO:root:Reading files..
INFO:root:Initial processing completed.
INFO:root:Main variables computed: START DATE: 2012-07-25 00:00:00, END DATE: 2021-03-31 00:00:00, SAMPLING PERIOD: 86400.0.
INFO:root:New date index computed successfully.
INFO:root:Saved new values in .csv file.
INFO:root:Data normalisation successfully completed.
INFO:root:Reading files..
INFO:root:Initial processing completed.
INFO:root:Main variables computed: START DATE: 2004-12-31 00:00:00, END DATE: 2021-03-31 00:00:00, SAMPLING PERIOD: 86400.0.
INFO:root:New date index computed successfully.
INFO:root:Saved new values in .csv file.
INFO:root:Data normalisation successfully completed.
INFO:root:Reading files..
INFO:root:Initial processing completed.
INFO:root:Main variables computed: START DATE: 2004-12-31 00:00:00, END DATE: 2021-03-31 00:00:00, SAMPLING PERIOD: 86400.0.
INFO:root:New date index computed successfully.
INFO:root:Saved new values in .csv file.
INFO:root:Data normalisation successfully completed.
INFO:root:Reading files..
INFO:root:Initial processing completed.
INFO:root:Main variables computed: START DATE: 2004-12-31 00:00:00, END DATE: 2021-03-31 00:00:00, SAMPLING PERIOD: 86400.0.
INFO:root:New date index computed successfully.
INFO:root:Saved new values in .csv file.
INFO:root:Data normalisation successfully completed.
INFO:root:Reading files..
INFO:root:Initial processing completed.
INFO:root:Main variables computed: START DATE: 2004-12-31 00:00:00, END DATE: 2021-03-31 00:00:00, SAMPLING PERIOD: 86400.0.
INFO:root:New date index computed successfully.
INFO:root:Saved new values in .csv file.
INFO:root:Reading files..
INFO:root:Initial processing completed.
INFO:root:Main variables computed: START DATE: 2004-12-31 00:00:00, END DATE: 2021-03-31 00:00:00, SAMPLING PERIOD: 86400.0.
INFO:root:New date index computed successfully.
INFO:root:Saved new values in .csv file.
INFO:root:Data normalisation successfully completed.
INFO:root:Reading files..
INFO:root:Initial processing completed.
INFO:root:Main variables computed: START DATE: 2004-12-31 00:00:00, END DATE: 2021-03-31 00:00:00, SAMPLING PERIOD: 86400.0.
INFO:root:New date index computed successfully.
INFO:root:Saved new values in .csv file.
INFO:root:Data normalisation successfully completed.
INFO:root:Reading files..
INFO:root:Initial processing completed.
INFO:root:Main variables computed: START DATE: 2004-12-31 00:00:00, END DATE: 2021-03-31 00:00:00, SAMPLING PERIOD: 86400.0.
INFO:root:New date index computed successfully.
INFO:root:Saved new values in .csv file.
INFO:root:Data normalisation successfully completed.
INFO:root:Reading files..
INFO:root:Initial processing completed.
INFO:root:Main variables computed: START DATE: 2004-12-31 00:00:00, END DATE: 2021-03-31 00:00:00, SAMPLING PERIOD: 86400.0.
INFO:root:New date index computed successfully.
INFO:root:Saved new values in .csv file.
INFO:root:Reading files..
INFO:root:Initial processing completed.
INFO:root:Main variables computed: START DATE: 2004-12-31 00:00:00, END DATE: 2021-03-31 00:00:00, SAMPLING PERIOD: 86400.0.
INFO:root:New date index computed successfully.
INFO:root:Saved new values in .csv file.
INFO:root:Reading files..
INFO:root:Initial processing completed.
INFO:root:Main variables computed: START DATE: 2004-12-31 00:00:00, END DATE: 2021-03-31 00:00:00, SAMPLING PERIOD: 86400.0.
INFO:root:New date index computed successfully.
INFO:root:Saved new values in .csv file.
INFO:root:Reading files..
INFO:root:Initial processing completed.
INFO:root:Main variables computed: START DATE: 2004-12-31 00:00:00, END DATE: 2021-03-31 00:00:00, SAMPLING PERIOD: 86400.0.
INFO:root:New date index computed successfully.
INFO:root:Saved new values in .csv file.
INFO:root:Reading files..
INFO:root:Initial processing completed.
INFO:root:Main variables computed: START DATE: 2004-12-31 00:00:00, END DATE: 2021-03-31 00:00:00, SAMPLING PERIOD: 86400.0.
INFO:root:New date index computed successfully.
INFO:root:Reading files..
INFO:root:Initial processing completed.
INFO:root:Main variables computed: START DATE: 2004-12-31 00:00:00, END DATE: 2021-03-31 00:00:00, SAMPLING PERIOD: 86400.0.
INFO:root:New date index computed successfully.
INFO:root:Saved new values in .csv file.
INFO:root:Reading files..
INFO:root:Initial processing completed.
INFO:root:Main variables computed: START DATE: 2004-12-31 00:00:00, END DATE: 2021-03-31 00:00:00, SAMPLING PERIOD: 86400.0.
INFO:root:New date index computed successfully.
INFO:root:Saved new values in .csv file.
INFO:root:Data normalisation successfully completed.
INFO:root:Reading files..
INFO:root:Initial processing completed.
INFO:root:Main variables computed: START DATE: 2004-12-31 00:00:00, END DATE: 2021-03-31 00:00:00, SAMPLING PERIOD: 86400.0.
INFO:root:New date index computed successfully.
INFO:root:Saved new values in .csv file.
INFO:root:Data normalisation successfully completed.
INFO:root:Reading files..
INFO:root:Initial processing completed.
INFO:root:Main variables computed: START DATE: 2012-07-25 00:00:00, END DATE: 2021-03-31 00:00:00, SAMPLING PERIOD: 86400.0.
INFO:root:New date index computed successfully.
INFO:root:Saved new values in .csv file.
INFO:root:Data normalisation successfully completed.
INFO:root:Reading files..
INFO:root:Initial processing completed.
INFO:root:Main variables computed: START DATE: 2004-12-31 00:00:00, END DATE: 2021-03-31 00:00:00, SAMPLING PERIOD: 86400.0.
INFO:root:New date index computed successfully.
INFO:root:Saved new values in .csv file.
INFO:root:Data normalisation successfully completed.
INFO:root:Reading files..
INFO:root:Initial processing completed.
INFO:root:Main variables computed: START DATE: 2005-01-02 00:00:00, END DATE: 2020-12-31 00:00:00, SAMPLING PERIOD: 86400.0.
INFO:root:New date index computed successfully.
INFO:root:Saved new values in .csv file.
INFO:root:Data normalisation successfully completed.
INFO:root:Reading files..
INFO:root:Initial processing completed.
INFO:root:Main variables computed: START DATE: 2005-01-02 00:00:00, END DATE: 2020-12-31 00:00:00, SAMPLING PERIOD: 86400.0.
INFO:root:New date index computed successfully.
INFO:root:Saved cleaned values in .csv file.
INFO:root:Saved normalised values in .csv file.
INFO:root:Data normalisation successfully completed.
INFO:root:Reading files..
INFO:root:Initial processing completed.
INFO:root:Main variables computed: START DATE: 2005-01-02 00:00:00, END DATE: 2021-03-29 00:00:00, SAMPLING PERIOD: 86400.0.
INFO:root:New date index computed successfully.
INFO:root:Saved cleaned values in .csv file.
INFO:root:Saved normalised values in .csv file.
INFO:root:Data normalisation successfully completed.
INFO:root:Reading files..
INFO:root:Initial processing completed.
INFO:root:Main variables computed: START DATE: 2005-01-02 00:00:00, END DATE: 2021-03-29 00:00:00, SAMPLING PERIOD: 86400.0.
INFO:root:New date index computed successfully.
INFO:root:Saved cleaned values in .csv file.
INFO:root:Saved normalised values in .csv file.
INFO:root:Data normalisation successfully completed.
INFO:root:Reading files..
INFO:root:Initial processing completed.
INFO:root:Main variables computed: START DATE: 2005-01-02 00:00:00, END DATE: 2021-03-29 00:00:00, SAMPLING PERIOD: 86400.0.
INFO:root:New date index computed successfully.
INFO:root:Saved cleaned values in .csv file.
INFO:root:Saved normalised values in .csv file.
INFO:root:Data normalisation successfully completed.
INFO:root:Reading files..
INFO:root:Initial processing completed.
INFO:root:Main variables computed: START DATE: 2005-01-02 00:00:00, END DATE: 2021-03-29 00:00:00, SAMPLING PERIOD: 86400.0.
INFO:root:New date index computed successfully.
INFO:root:Saved cleaned values in .csv file.
INFO:root:Saved normalised values in .csv file.
INFO:root:Data normalisation successfully completed.
INFO:root:Reading files..
INFO:root:Initial processing completed.
INFO:root:Main variables computed: START DATE: 2005-01-02 00:00:00, END DATE: 2021-03-29 00:00:00, SAMPLING PERIOD: 86400.0.
INFO:root:New date index computed successfully.
INFO:root:Saved cleaned values in .csv file.
INFO:root:Saved normalised values in .csv file.
INFO:root:Data normalisation successfully completed.
INFO:root:Reading files..
INFO:root:Initial processing completed.
INFO:root:Main variables computed: START DATE: 2005-01-02 00:00:00, END DATE: 2021-03-29 00:00:00, SAMPLING PERIOD: 86400.0.
INFO:root:New date index computed successfully.
INFO:root:Saved cleaned values in .csv file.
INFO:root:Saved normalised values in .csv file.
INFO:root:Data normalisation successfully completed.
INFO:root:Reading files..
INFO:root:Initial processing completed.
INFO:root:Main variables computed: START DATE: 2005-01-02 00:00:00, END DATE: 2021-03-29 00:00:00, SAMPLING PERIOD: 86400.0.
INFO:root:New date index computed successfully.
INFO:root:Saved cleaned values in .csv file.
INFO:root:Saved normalised values in .csv file.
INFO:root:Data normalisation successfully completed.
INFO:root:Reading files..
INFO:root:Initial processing completed.
INFO:root:Main variables computed: START DATE: 2005-01-02 00:00:00, END DATE: 2021-03-29 00:00:00, SAMPLING PERIOD: 86400.0.
INFO:root:New date index computed successfully.
INFO:root:Saved cleaned values in .csv file.
INFO:root:Saved normalised values in .csv file.
INFO:root:Data normalisation successfully completed.
INFO:root:Reading files..
INFO:root:Initial processing completed.
INFO:root:Main variables computed: START DATE: 2005-01-02 00:00:00, END DATE: 2021-03-29 00:00:00, SAMPLING PERIOD: 86400.0.
INFO:root:New date index computed successfully.
INFO:root:Saved cleaned values in .csv file.
INFO:root:Saved normalised values in .csv file.
INFO:root:Data normalisation successfully completed.
INFO:root:Reading files..
INFO:root:Initial processing completed.
INFO:root:Main variables computed: START DATE: 2005-01-02 00:00:00, END DATE: 2021-03-29 00:00:00, SAMPLING PERIOD: 86400.0.
INFO:root:New date index computed successfully.
INFO:root:Saved cleaned values in .csv file.
INFO:root:Saved normalised values in .csv file.
INFO:root:Data normalisation successfully completed.
INFO:root:Reading files..
INFO:root:Initial processing completed.
INFO:root:Main variables computed: START DATE: 2005-01-02 00:00:00, END DATE: 2021-03-29 00:00:00, SAMPLING PERIOD: 86400.0.
INFO:root:New date index computed successfully.
INFO:root:Saved cleaned values in .csv file.
INFO:root:Saved normalised values in .csv file.
INFO:root:Data normalisation successfully completed.
INFO:root:Reading files..
INFO:root:Initial processing completed.
INFO:root:Main variables computed: START DATE: 2005-01-02 00:00:00, END DATE: 2021-03-29 00:00:00, SAMPLING PERIOD: 86400.0.
INFO:root:New date index computed successfully.
INFO:root:Saved cleaned values in .csv file.
INFO:root:Saved normalised values in .csv file.
INFO:root:Data normalisation successfully completed.
INFO:root:Reading files..
INFO:root:Initial processing completed.
INFO:root:Main variables computed: START DATE: 2005-01-02 00:00:00, END DATE: 2021-03-29 00:00:00, SAMPLING PERIOD: 86400.0.
INFO:root:New date index computed successfully.
INFO:root:Saved cleaned values in .csv file.
INFO:root:Saved normalised values in .csv file.
INFO:root:Data normalisation successfully completed.
INFO:root:Reading files..
INFO:root:Initial processing completed.
INFO:root:Main variables computed: START DATE: 2005-01-02 00:00:00, END DATE: 2021-03-29 00:00:00, SAMPLING PERIOD: 86400.0.
INFO:root:New date index computed successfully.
INFO:root:Saved cleaned values in .csv file.
INFO:root:Saved normalised values in .csv file.
INFO:root:Data normalisation successfully completed.
INFO:root:Reading files..
INFO:root:Initial processing completed.
INFO:root:Main variables computed: START DATE: 2005-01-02 00:00:00, END DATE: 2021-03-29 00:00:00, SAMPLING PERIOD: 86400.0.
INFO:root:New date index computed successfully.
INFO:root:Saved cleaned values in .csv file.
INFO:root:Saved normalised values in .csv file.
INFO:root:Data normalisation successfully completed.
INFO:root:Reading files..
INFO:root:Initial processing completed.
INFO:root:Main variables computed: START DATE: 2005-01-02 00:00:00, END DATE: 2021-03-29 00:00:00, SAMPLING PERIOD: 86400.0.
INFO:root:New date index computed successfully.
INFO:root:Saved cleaned values in .csv file.
INFO:root:Saved normalised values in .csv file.
INFO:root:Data normalisation successfully completed.
INFO:root:Reading files..
INFO:root:Initial processing completed.
INFO:root:Main variables computed: START DATE: 2005-01-02 00:00:00, END DATE: 2021-03-29 00:00:00, SAMPLING PERIOD: 86400.0.
INFO:root:New date index computed successfully.
INFO:root:Saved cleaned values in .csv file.
INFO:root:Saved normalised values in .csv file.
INFO:root:Data normalisation successfully completed.
